<?xml version="1.0" encoding="UTF-8"?>
<!-- Generated by org.testng.reporters.JUnitReportReporter -->
<testsuite hostname="DESKTOP-74E9B3T" failures="0" tests="1" name="selenium.testng.secondTest" time="2.936" errors="0" timestamp="2021-03-12T13:43:01 IST" skipped="0">
  <testcase classname="selenium.testng.secondTest" name="firsttest" time="2.936"/>
  <system-out/>
</testsuite> <!-- selenium.testng.secondTest -->
