<?xml version="1.0" encoding="UTF-8"?>
<!-- Generated by org.testng.reporters.JUnitReportReporter -->
<testsuite hostname="DESKTOP-74E9B3T" failures="0" tests="1" name="selenium.testng.firstTest" time="3.442" errors="0" timestamp="2021-03-12T13:43:01 IST" skipped="0">
  <testcase classname="selenium.testng.firstTest" name="firsttest" time="3.442"/>
  <system-out/>
</testsuite> <!-- selenium.testng.firstTest -->
